<?xml version="1.0" encoding="UTF-8"?>
<testng-results skipped="0" failed="0" total="1" passed="1">
  <reporter-output>
  </reporter-output>
  <suite name="Default suite" duration-ms="44" started-at="2017-02-24T11:56:15Z" finished-at="2017-02-24T11:56:16Z">
    <groups>
    </groups>
    <test name="Default test" duration-ms="44" started-at="2017-02-24T11:56:15Z" finished-at="2017-02-24T11:56:16Z">
      <class name="com.selenium.testng.TestngSimpleTest">
        <test-method status="PASS" signature="testAdd()[pri:0, instance:com.selenium.testng.TestngSimpleTest@7823a2f9]" name="testAdd" duration-ms="18" started-at="2017-02-24T17:26:16Z" finished-at="2017-02-24T17:26:16Z">
          <reporter-output>
          </reporter-output>
        </test-method> <!-- testAdd -->
      </class> <!-- com.selenium.testng.TestngSimpleTest -->
    </test> <!-- Default test -->
  </suite> <!-- Default suite -->
</testng-results>
